/home/meenakshiiye_umass_edu/.conda/envs/env/lib/python3.12/getpass.py:91: GetPassWarning: Can not control echo on the terminal.
  passwd = fallback_getpass(prompt, stream)
Warning: Password input may be echoed.
Enter your token (input will not be visible): 
    _|    _|  _|    _|    _|_|_|    _|_|_|  _|_|_|  _|      _|    _|_|_|      _|_|_|_|    _|_|      _|_|_|  _|_|_|_|
    _|    _|  _|    _|  _|        _|          _|    _|_|    _|  _|            _|        _|    _|  _|        _|
    _|_|_|_|  _|    _|  _|  _|_|  _|  _|_|    _|    _|  _|  _|  _|  _|_|      _|_|_|    _|_|_|_|  _|        _|_|_|
    _|    _|  _|    _|  _|    _|  _|    _|    _|    _|    _|_|  _|    _|      _|        _|    _|  _|        _|
    _|    _|    _|_|      _|_|_|    _|_|_|  _|_|_|  _|      _|    _|_|_|      _|        _|    _|    _|_|_|  _|_|_|_|

Traceback (most recent call last):
  File "/home/meenakshiiye_umass_edu/.conda/envs/env/lib/python3.12/getpass.py", line 69, in unix_getpass
    old = termios.tcgetattr(fd)     # a copy to save
          ^^^^^^^^^^^^^^^^^^^^^
termios.error: (25, 'Inappropriate ioctl for device')

During handling of the above exception, another exception occurred:

Traceback (most recent call last):
  File "/home/meenakshiiye_umass_edu/watermarkinggenai/generate.py", line 7, in <module>
    login(token=os.getenv("USER_ACCESS_TOKEN"))
  File "/home/meenakshiiye_umass_edu/.conda/envs/env/lib/python3.12/site-packages/huggingface_hub/_login.py", line 123, in login
    interpreter_login(new_session=new_session, write_permission=write_permission)
  File "/home/meenakshiiye_umass_edu/.conda/envs/env/lib/python3.12/site-packages/huggingface_hub/_login.py", line 275, in interpreter_login
    token = getpass("Enter your token (input will not be visible): ")
            ^^^^^^^^^^^^^^^^^^^^^^^^^^^^^^^^^^^^^^^^^^^^^^^^^^^^^^^^^
  File "/home/meenakshiiye_umass_edu/.conda/envs/env/lib/python3.12/getpass.py", line 91, in unix_getpass
    passwd = fallback_getpass(prompt, stream)
             ^^^^^^^^^^^^^^^^^^^^^^^^^^^^^^^^
  File "/home/meenakshiiye_umass_edu/.conda/envs/env/lib/python3.12/getpass.py", line 126, in fallback_getpass
    return _raw_input(prompt, stream)
           ^^^^^^^^^^^^^^^^^^^^^^^^^^
  File "/home/meenakshiiye_umass_edu/.conda/envs/env/lib/python3.12/getpass.py", line 148, in _raw_input
    raise EOFError
EOFError
